Performing C SOURCE FILE Test CMAKE_HAVE_LIBC_PTHREAD failed with the following output:
Change Dir: /home/ulti/Git/Navit-Compiled-Linux/CMakeFiles/CMakeTmp

Run Build Command(s):/usr/bin/make cmTC_92930/fast && /usr/bin/make -f CMakeFiles/cmTC_92930.dir/build.make CMakeFiles/cmTC_92930.dir/build
make[1]: Entering directory '/home/ulti/Git/Navit-Compiled-Linux/CMakeFiles/CMakeTmp'
Building C object CMakeFiles/cmTC_92930.dir/src.c.o
/usr/bin/cc   -DCMAKE_HAVE_LIBC_PTHREAD   -o CMakeFiles/cmTC_92930.dir/src.c.o   -c /home/ulti/Git/Navit-Compiled-Linux/CMakeFiles/CMakeTmp/src.c
Linking C executable cmTC_92930
/usr/bin/cmake -E cmake_link_script CMakeFiles/cmTC_92930.dir/link.txt --verbose=1
/usr/bin/cc  -DCMAKE_HAVE_LIBC_PTHREAD    -rdynamic CMakeFiles/cmTC_92930.dir/src.c.o  -o cmTC_92930 
/usr/bin/ld: CMakeFiles/cmTC_92930.dir/src.c.o: in function `main':
src.c:(.text+0x46): undefined reference to `pthread_create'
/usr/bin/ld: src.c:(.text+0x52): undefined reference to `pthread_detach'
/usr/bin/ld: src.c:(.text+0x63): undefined reference to `pthread_join'
collect2: error: ld returned 1 exit status
make[1]: *** [CMakeFiles/cmTC_92930.dir/build.make:87: cmTC_92930] Error 1
make[1]: Leaving directory '/home/ulti/Git/Navit-Compiled-Linux/CMakeFiles/CMakeTmp'
make: *** [Makefile:121: cmTC_92930/fast] Error 2


Source file was:
#include <pthread.h>

void* test_func(void* data)
{
  return data;
}

int main(void)
{
  pthread_t thread;
  pthread_create(&thread, NULL, test_func, NULL);
  pthread_detach(thread);
  pthread_join(thread, NULL);
  pthread_atfork(NULL, NULL, NULL);
  pthread_exit(NULL);

  return 0;
}

Determining if the function pthread_create exists in the pthreads failed with the following output:
Change Dir: /home/ulti/Git/Navit-Compiled-Linux/CMakeFiles/CMakeTmp

Run Build Command(s):/usr/bin/make cmTC_8ddb1/fast && /usr/bin/make -f CMakeFiles/cmTC_8ddb1.dir/build.make CMakeFiles/cmTC_8ddb1.dir/build
make[1]: Entering directory '/home/ulti/Git/Navit-Compiled-Linux/CMakeFiles/CMakeTmp'
Building C object CMakeFiles/cmTC_8ddb1.dir/CheckFunctionExists.c.o
/usr/bin/cc   -DCHECK_FUNCTION_EXISTS=pthread_create   -o CMakeFiles/cmTC_8ddb1.dir/CheckFunctionExists.c.o   -c /usr/share/cmake-3.16/Modules/CheckFunctionExists.c
Linking C executable cmTC_8ddb1
/usr/bin/cmake -E cmake_link_script CMakeFiles/cmTC_8ddb1.dir/link.txt --verbose=1
/usr/bin/cc  -DCHECK_FUNCTION_EXISTS=pthread_create    -rdynamic CMakeFiles/cmTC_8ddb1.dir/CheckFunctionExists.c.o  -o cmTC_8ddb1  -lpthreads 
/usr/bin/ld: cannot find -lpthreads
collect2: error: ld returned 1 exit status
make[1]: *** [CMakeFiles/cmTC_8ddb1.dir/build.make:87: cmTC_8ddb1] Error 1
make[1]: Leaving directory '/home/ulti/Git/Navit-Compiled-Linux/CMakeFiles/CMakeTmp'
make: *** [Makefile:121: cmTC_8ddb1/fast] Error 2



Determining if the function gypsy_control_get_default exists in the gypsy failed with the following output:
Change Dir: /home/ulti/Git/Navit-Compiled-Linux/CMakeFiles/CMakeTmp

Run Build Command(s):/usr/bin/make cmTC_da606/fast && /usr/bin/make -f CMakeFiles/cmTC_da606.dir/build.make CMakeFiles/cmTC_da606.dir/build
make[1]: Entering directory '/home/ulti/Git/Navit-Compiled-Linux/CMakeFiles/CMakeTmp'
Building C object CMakeFiles/cmTC_da606.dir/CheckFunctionExists.c.o
/usr/bin/cc   -DCHECK_FUNCTION_EXISTS=gypsy_control_get_default   -o CMakeFiles/cmTC_da606.dir/CheckFunctionExists.c.o   -c /usr/share/cmake-3.16/Modules/CheckFunctionExists.c
Linking C executable cmTC_da606
/usr/bin/cmake -E cmake_link_script CMakeFiles/cmTC_da606.dir/link.txt --verbose=1
/usr/bin/cc  -DCHECK_FUNCTION_EXISTS=gypsy_control_get_default    -rdynamic CMakeFiles/cmTC_da606.dir/CheckFunctionExists.c.o  -o cmTC_da606  -lgypsy 
/usr/bin/ld: cannot find -lgypsy
collect2: error: ld returned 1 exit status
make[1]: *** [CMakeFiles/cmTC_da606.dir/build.make:87: cmTC_da606] Error 1
make[1]: Leaving directory '/home/ulti/Git/Navit-Compiled-Linux/CMakeFiles/CMakeTmp'
make: *** [Makefile:121: cmTC_da606/fast] Error 2



Determining if files libspeechd.h exist failed with the following output:
Change Dir: /home/ulti/Git/Navit-Compiled-Linux/CMakeFiles/CMakeTmp

Run Build Command(s):/usr/bin/make cmTC_08696/fast && /usr/bin/make -f CMakeFiles/cmTC_08696.dir/build.make CMakeFiles/cmTC_08696.dir/build
make[1]: Entering directory '/home/ulti/Git/Navit-Compiled-Linux/CMakeFiles/CMakeTmp'
Building C object CMakeFiles/cmTC_08696.dir/HAVE_LIBSPEECHD.c.o
/usr/bin/cc    -o CMakeFiles/cmTC_08696.dir/HAVE_LIBSPEECHD.c.o   -c /home/ulti/Git/Navit-Compiled-Linux/CMakeFiles/CheckIncludeFiles/HAVE_LIBSPEECHD.c
/home/ulti/Git/Navit-Compiled-Linux/CMakeFiles/CheckIncludeFiles/HAVE_LIBSPEECHD.c:2:10: fatal error: libspeechd.h: No such file or directory
    2 | #include <libspeechd.h>
      |          ^~~~~~~~~~~~~~
compilation terminated.
make[1]: *** [CMakeFiles/cmTC_08696.dir/build.make:66: CMakeFiles/cmTC_08696.dir/HAVE_LIBSPEECHD.c.o] Error 1
make[1]: Leaving directory '/home/ulti/Git/Navit-Compiled-Linux/CMakeFiles/CMakeTmp'
make: *** [Makefile:121: cmTC_08696/fast] Error 2


Source:
/* */
#include <libspeechd.h>


int main(void){return 0;}

Determining if the CreateProcess exist failed with the following output:
Change Dir: /home/ulti/Git/Navit-Compiled-Linux/CMakeFiles/CMakeTmp

Run Build Command(s):/usr/bin/make cmTC_5c0e9/fast && /usr/bin/make -f CMakeFiles/cmTC_5c0e9.dir/build.make CMakeFiles/cmTC_5c0e9.dir/build
make[1]: Entering directory '/home/ulti/Git/Navit-Compiled-Linux/CMakeFiles/CMakeTmp'
Building C object CMakeFiles/cmTC_5c0e9.dir/CheckSymbolExists.c.o
/usr/bin/cc    -o CMakeFiles/cmTC_5c0e9.dir/CheckSymbolExists.c.o   -c /home/ulti/Git/Navit-Compiled-Linux/CMakeFiles/CMakeTmp/CheckSymbolExists.c
/home/ulti/Git/Navit-Compiled-Linux/CMakeFiles/CMakeTmp/CheckSymbolExists.c:2:10: fatal error: windows.h: No such file or directory
    2 | #include <windows.h>
      |          ^~~~~~~~~~~
compilation terminated.
make[1]: *** [CMakeFiles/cmTC_5c0e9.dir/build.make:66: CMakeFiles/cmTC_5c0e9.dir/CheckSymbolExists.c.o] Error 1
make[1]: Leaving directory '/home/ulti/Git/Navit-Compiled-Linux/CMakeFiles/CMakeTmp'
make: *** [Makefile:121: cmTC_5c0e9/fast] Error 2


File /home/ulti/Git/Navit-Compiled-Linux/CMakeFiles/CMakeTmp/CheckSymbolExists.c:
/* */
#include <windows.h>

int main(int argc, char** argv)
{
  (void)argv;
#ifndef CreateProcess
  return ((int*)(&CreateProcess))[argc];
#else
  (void)argc;
  return 0;
#endif
}
Determining if the function libintl_fprintf exists in the intl failed with the following output:
Change Dir: /home/ulti/Git/Navit-Compiled-Linux/CMakeFiles/CMakeTmp

Run Build Command(s):/usr/bin/make cmTC_3afcd/fast && /usr/bin/make -f CMakeFiles/cmTC_3afcd.dir/build.make CMakeFiles/cmTC_3afcd.dir/build
make[1]: Entering directory '/home/ulti/Git/Navit-Compiled-Linux/CMakeFiles/CMakeTmp'
Building C object CMakeFiles/cmTC_3afcd.dir/CheckFunctionExists.c.o
/usr/bin/cc   -DCHECK_FUNCTION_EXISTS=libintl_fprintf   -o CMakeFiles/cmTC_3afcd.dir/CheckFunctionExists.c.o   -c /usr/share/cmake-3.16/Modules/CheckFunctionExists.c
Linking C executable cmTC_3afcd
/usr/bin/cmake -E cmake_link_script CMakeFiles/cmTC_3afcd.dir/link.txt --verbose=1
/usr/bin/cc  -DCHECK_FUNCTION_EXISTS=libintl_fprintf    -rdynamic CMakeFiles/cmTC_3afcd.dir/CheckFunctionExists.c.o  -o cmTC_3afcd  -lintl 
/usr/bin/ld: cannot find -lintl
collect2: error: ld returned 1 exit status
make[1]: *** [CMakeFiles/cmTC_3afcd.dir/build.make:87: cmTC_3afcd] Error 1
make[1]: Leaving directory '/home/ulti/Git/Navit-Compiled-Linux/CMakeFiles/CMakeTmp'
make: *** [Makefile:121: cmTC_3afcd/fast] Error 2



Determining if the function _atoi64 exists failed with the following output:
Change Dir: /home/ulti/Git/Navit-Compiled-Linux/CMakeFiles/CMakeTmp

Run Build Command(s):/usr/bin/make cmTC_45985/fast && /usr/bin/make -f CMakeFiles/cmTC_45985.dir/build.make CMakeFiles/cmTC_45985.dir/build
make[1]: Entering directory '/home/ulti/Git/Navit-Compiled-Linux/CMakeFiles/CMakeTmp'
Building C object CMakeFiles/cmTC_45985.dir/CheckFunctionExists.c.o
/usr/bin/cc   -DCHECK_FUNCTION_EXISTS=_atoi64   -o CMakeFiles/cmTC_45985.dir/CheckFunctionExists.c.o   -c /usr/share/cmake-3.16/Modules/CheckFunctionExists.c
Linking C executable cmTC_45985
/usr/bin/cmake -E cmake_link_script CMakeFiles/cmTC_45985.dir/link.txt --verbose=1
/usr/bin/cc  -DCHECK_FUNCTION_EXISTS=_atoi64    -rdynamic CMakeFiles/cmTC_45985.dir/CheckFunctionExists.c.o  -o cmTC_45985 
/usr/bin/ld: CMakeFiles/cmTC_45985.dir/CheckFunctionExists.c.o: in function `main':
CheckFunctionExists.c:(.text+0x14): undefined reference to `_atoi64'
collect2: error: ld returned 1 exit status
make[1]: *** [CMakeFiles/cmTC_45985.dir/build.make:87: cmTC_45985] Error 1
make[1]: Leaving directory '/home/ulti/Git/Navit-Compiled-Linux/CMakeFiles/CMakeTmp'
make: *** [Makefile:121: cmTC_45985/fast] Error 2



Performing C++ SOURCE FILE Test FLAG_AVAILABLE_CXX_-Wmissing-prototypes failed with the following output:
Change Dir: /home/ulti/Git/Navit-Compiled-Linux/CMakeFiles/CMakeTmp

Run Build Command(s):/usr/bin/make cmTC_6a70a/fast && /usr/bin/make -f CMakeFiles/cmTC_6a70a.dir/build.make CMakeFiles/cmTC_6a70a.dir/build
make[1]: Entering directory '/home/ulti/Git/Navit-Compiled-Linux/CMakeFiles/CMakeTmp'
Building CXX object CMakeFiles/cmTC_6a70a.dir/src.cxx.o
/usr/bin/c++    -Wall  -Wno-unused-parameter  -Wno-sign-compare  -Wno-missing-field-initializers  -Wundef  -Wcast-align  -Wpointer-arith  -Wextra  -Wdate-time  -DFLAG_AVAILABLE_CXX_-Wmissing-prototypes   -Wmissing-prototypes -o CMakeFiles/cmTC_6a70a.dir/src.cxx.o -c /home/ulti/Git/Navit-Compiled-Linux/CMakeFiles/CMakeTmp/src.cxx
cc1plus: warning: command line option '-Wmissing-prototypes' is valid for C/ObjC but not for C++
<command-line>: warning: ISO C++11 requires whitespace after the macro name
Linking CXX executable cmTC_6a70a
/usr/bin/cmake -E cmake_link_script CMakeFiles/cmTC_6a70a.dir/link.txt --verbose=1
/usr/bin/c++   -Wall  -Wno-unused-parameter  -Wno-sign-compare  -Wno-missing-field-initializers  -Wundef  -Wcast-align  -Wpointer-arith  -Wextra  -Wdate-time  -DFLAG_AVAILABLE_CXX_-Wmissing-prototypes    -rdynamic CMakeFiles/cmTC_6a70a.dir/src.cxx.o  -o cmTC_6a70a 
make[1]: Leaving directory '/home/ulti/Git/Navit-Compiled-Linux/CMakeFiles/CMakeTmp'


Source file was:
int main() { return 0; }
Performing C++ SOURCE FILE Test FLAG_AVAILABLE_CXX_-Wstrict-prototypes failed with the following output:
Change Dir: /home/ulti/Git/Navit-Compiled-Linux/CMakeFiles/CMakeTmp

Run Build Command(s):/usr/bin/make cmTC_726d9/fast && /usr/bin/make -f CMakeFiles/cmTC_726d9.dir/build.make CMakeFiles/cmTC_726d9.dir/build
make[1]: Entering directory '/home/ulti/Git/Navit-Compiled-Linux/CMakeFiles/CMakeTmp'
Building CXX object CMakeFiles/cmTC_726d9.dir/src.cxx.o
/usr/bin/c++    -Wall  -Wno-unused-parameter  -Wno-sign-compare  -Wno-missing-field-initializers  -Wundef  -Wcast-align  -Wpointer-arith  -Wextra  -Wdate-time  -DFLAG_AVAILABLE_CXX_-Wstrict-prototypes   -Wstrict-prototypes -o CMakeFiles/cmTC_726d9.dir/src.cxx.o -c /home/ulti/Git/Navit-Compiled-Linux/CMakeFiles/CMakeTmp/src.cxx
cc1plus: warning: command line option '-Wstrict-prototypes' is valid for C/ObjC but not for C++
<command-line>: warning: ISO C++11 requires whitespace after the macro name
Linking CXX executable cmTC_726d9
/usr/bin/cmake -E cmake_link_script CMakeFiles/cmTC_726d9.dir/link.txt --verbose=1
/usr/bin/c++   -Wall  -Wno-unused-parameter  -Wno-sign-compare  -Wno-missing-field-initializers  -Wundef  -Wcast-align  -Wpointer-arith  -Wextra  -Wdate-time  -DFLAG_AVAILABLE_CXX_-Wstrict-prototypes    -rdynamic CMakeFiles/cmTC_726d9.dir/src.cxx.o  -o cmTC_726d9 
make[1]: Leaving directory '/home/ulti/Git/Navit-Compiled-Linux/CMakeFiles/CMakeTmp'


Source file was:
int main() { return 0; }
